<?xml version="1.0" encoding="UTF-8"?>
<!-- Generated by org.testng.reporters.JUnitReportReporter -->
<testsuite skipped="0" hostname="DESKTOP-RRS71A3" name="Google.InstabugChallenge.SearchTests" tests="3" failures="0" timestamp="24 Aug 2021 18:45:02 GMT" time="17.497" errors="0">
  <testcase name="submitSearchWithPrediction" time="5.932" classname="Google.InstabugChallenge.SearchTests"/>
  <testcase name="submitSearchWithEnter" time="5.733" classname="Google.InstabugChallenge.SearchTests"/>
  <testcase name="submitSearchWithButton" time="5.832" classname="Google.InstabugChallenge.SearchTests"/>
</testsuite> <!-- Google.InstabugChallenge.SearchTests -->
